<?xml version="1.0" encoding="UTF-8"?>
<!-- Generated by org.testng.reporters.JUnitReportReporter -->
<testsuite hostname="DESKTOP-3M30ENU" failures="0" tests="2" name="TestNGScripts.DataProviderTest1" time="26.938" errors="0" timestamp="2022-11-02T13:06:01 IST" skipped="0">
  <testcase classname="TestNGScripts.DataProviderTest1" name="test" time="13.639"/>
  <system-out/>
  <testcase classname="TestNGScripts.DataProviderTest1" name="test" time="13.299"/>
  <system-out/>
</testsuite> <!-- TestNGScripts.DataProviderTest1 -->
