<?xml version="1.0" encoding="UTF-8"?>
<!-- Generated by org.testng.reporters.JUnitReportReporter -->
<testsuite hostname="DESKTOP-3M30ENU" failures="0" tests="2" name="TestNGScripts.Priority" time="8.962" errors="0" timestamp="2022-10-18T18:02:12 IST" skipped="0">
  <testcase classname="TestNGScripts.Priority" name="OpenBrowser" time="8.819"/>
  <system-out/>
  <testcase classname="TestNGScripts.Priority" name="CloseBrowser" time="0.143"/>
  <system-out/>
</testsuite> <!-- TestNGScripts.Priority -->
