<?xml version="1.0" encoding="UTF-8"?>
<!-- Generated by org.testng.reporters.JUnitReportReporter -->
<testsuite hostname="DESKTOP-3M30ENU" failures="0" tests="2" name="TestNGScripts.InheritedDependent" time="6.892" errors="0" timestamp="2022-10-18T13:33:52 IST" skipped="0">
  <testcase classname="TestNGScripts.InheritedDependent" name="OpenBrowser" time="3.666"/>
  <system-out/>
  <testcase classname="TestNGScripts.InheritedDependent" name="Login" time="3.226"/>
  <system-out/>
</testsuite> <!-- TestNGScripts.InheritedDependent -->
