<?xml version="1.0" encoding="UTF-8"?>
<!-- Generated by org.testng.reporters.JUnitReportReporter -->
<testsuite hostname="DESKTOP-3M30ENU" failures="0" tests="1" name="TestPackage.ExcelWrite1" time="1.177" errors="0" timestamp="2022-11-03T14:39:36 IST" skipped="0">
  <testcase classname="TestPackage.ExcelWrite1" name="geekforgeeks" time="1.177"/>
  <system-out/>
</testsuite> <!-- TestPackage.ExcelWrite1 -->
