<?xml version="1.0" encoding="UTF-8"?>
<!-- Generated by org.testng.reporters.JUnitReportReporter -->
<testsuite hostname="DESKTOP-3M30ENU" failures="0" tests="1" name="TestPackage.ExcelWrite" time="1.093" errors="0" timestamp="2022-11-03T12:43:09 IST" skipped="0">
  <testcase classname="TestPackage.ExcelWrite" name="geekforgeeks" time="1.093"/>
  <system-out/>
</testsuite> <!-- TestPackage.ExcelWrite -->
