<?xml version="1.0" encoding="UTF-8"?>
<!-- Generated by org.testng.reporters.JUnitReportReporter -->
<testsuite hostname="DESKTOP-3M30ENU" failures="0" tests="2" name="TestNGScripts.MethodDependent" time="13.347" errors="0" timestamp="2022-10-27T13:02:18 IST" skipped="0">
  <testcase classname="TestNGScripts.MethodDependent" name="Login" time="4.604"/>
  <system-out/>
  <testcase classname="TestNGScripts.MethodDependent" name="OpenBrowser" time="8.743"/>
  <system-out/>
</testsuite> <!-- TestNGScripts.MethodDependent -->
