<?xml version="1.0" encoding="UTF-8"?>
<!-- Generated by org.testng.reporters.JUnitReportReporter -->
<testsuite hostname="DESKTOP-3M30ENU" failures="0" tests="1" name="TestPackage.ExcelTest" time="1.708" errors="0" timestamp="2022-11-03T12:22:05 IST" skipped="0">
  <testcase classname="TestPackage.ExcelTest" name="geekforgeeks" time="1.708"/>
  <system-out/>
</testsuite> <!-- TestPackage.ExcelTest -->
