<?xml version="1.0" encoding="UTF-8"?>
<!-- Generated by org.testng.reporters.JUnitReportReporter -->
<testsuite hostname="DESKTOP-3M30ENU" failures="0" tests="6" name="TestNGScripts.DProvider" time="0.018" errors="0" timestamp="2022-10-18T17:36:47 IST" skipped="0">
  <testcase classname="TestNGScripts.DProvider" name="Diff2" time="0.001"/>
  <system-out/>
  <testcase classname="TestNGScripts.DProvider" name="Sum2" time="0.003"/>
  <system-out/>
  <testcase classname="TestNGScripts.DProvider" name="Sum2" time="0.002"/>
  <system-out/>
  <testcase classname="TestNGScripts.DProvider" name="Diff2" time="0.009"/>
  <system-out/>
  <testcase classname="TestNGScripts.DProvider" name="Diff2" time="0.002"/>
  <system-out/>
  <testcase classname="TestNGScripts.DProvider" name="Sum2" time="0.001"/>
  <system-out/>
</testsuite> <!-- TestNGScripts.DProvider -->
