<?xml version="1.0" encoding="UTF-8"?>
<!-- Generated by org.testng.reporters.JUnitReportReporter -->
<testsuite hostname="DESKTOP-3M30ENU" failures="0" tests="1" name="TestNGScripts.ParallelChrometest" time="2.508" errors="0" timestamp="2022-10-20T18:08:10 IST" skipped="0">
  <testcase classname="TestNGScripts.ParallelChrometest" name="ChromeTestMethod" time="2.508"/>
  <system-out/>
</testsuite> <!-- TestNGScripts.ParallelChrometest -->
