<?xml version="1.0" encoding="UTF-8"?>
<!-- Generated by org.testng.reporters.JUnitReportReporter -->
<testsuite hostname="DESKTOP-3M30ENU" failures="0" tests="2" name="TestNGScripts.DataProvider2" time="0.010" errors="0" timestamp="2022-10-18T17:47:10 IST" skipped="0">
  <testcase classname="TestNGScripts.DataProvider2" name="myTest" time="0.008"/>
  <system-out/>
  <testcase classname="TestNGScripts.DataProvider2" name="myTest" time="0.002"/>
  <system-out/>
</testsuite> <!-- TestNGScripts.DataProvider2 -->
