<?xml version="1.0" encoding="UTF-8"?>
<!-- Generated by org.testng.reporters.JUnitReportReporter -->
<testsuite hostname="DESKTOP-3M30ENU" failures="0" tests="1" name="TestNGScripts.TestNG" time="13.453" errors="0" timestamp="2022-10-21T12:40:01 IST" skipped="0">
  <testcase classname="TestNGScripts.TestNG" name="Login" time="13.453"/>
  <system-out/>
</testsuite> <!-- TestNGScripts.TestNG -->
