<?xml version="1.0" encoding="UTF-8"?>
<!-- Generated by org.testng.reporters.JUnitReportReporter -->
<testsuite hostname="DESKTOP-3M30ENU" failures="0" tests="1" name="TestNGScripts.SampleExcel" time="1.076" errors="0" timestamp="2022-11-03T15:12:11 IST" skipped="0">
  <testcase classname="TestNGScripts.SampleExcel" name="f" time="1.076"/>
  <system-out/>
</testsuite> <!-- TestNGScripts.SampleExcel -->
