<?xml version="1.0" encoding="UTF-8"?>
<!-- Generated by org.testng.reporters.JUnitReportReporter -->
<testsuite hostname="DESKTOP-3M30ENU" failures="0" tests="2" name="TestNGScripts.Assertion2" time="5.476" errors="0" timestamp="2022-10-28T12:47:12 IST" skipped="0">
  <testcase classname="TestNGScripts.Assertion2" name="AOpenBrowser" time="5.291"/>
  <system-out>
    <![CDATA[Home page2 is displayed]]>
  </system-out>
  <testcase classname="TestNGScripts.Assertion2" name="CloseBrowser" time="0.185"/>
  <system-out/>
</testsuite> <!-- TestNGScripts.Assertion2 -->
