<?xml version="1.0" encoding="UTF-8"?>
<!-- Generated by org.testng.reporters.JUnitReportReporter -->
<testsuite hostname="DESKTOP-3M30ENU" failures="0" tests="3" name="TestNGScripts.ParamaterAtSuiteLel" time="0.013" errors="0" timestamp="2022-10-18T16:15:56 IST" skipped="0">
  <testcase classname="TestNGScripts.ParamaterAtSuiteLel" name="Sum" time="0.002"/>
  <system-out/>
  <testcase classname="TestNGScripts.ParamaterAtSuiteLel" name="mul" time="0.002"/>
  <system-out/>
  <testcase classname="TestNGScripts.ParamaterAtSuiteLel" name="Diff" time="0.009"/>
  <system-out/>
</testsuite> <!-- TestNGScripts.ParamaterAtSuiteLel -->
