<?xml version="1.0" encoding="UTF-8"?>
<!-- Generated by org.testng.reporters.JUnitReportReporter -->
<testsuite hostname="DESKTOP-3M30ENU" failures="0" tests="3" name="Demo.MultipleDependent" time="23.784" errors="0" timestamp="2022-10-27T13:25:52 IST" skipped="0">
  <testcase classname="Demo.MultipleDependent" name="OpenBrowser" time="9.041"/>
  <system-out/>
  <testcase classname="Demo.MultipleDependent" name="SignIn" time="4.554"/>
  <system-out/>
  <testcase classname="Demo.MultipleDependent" name="LogOut" time="10.189"/>
  <system-out/>
</testsuite> <!-- Demo.MultipleDependent -->
