<?xml version="1.0" encoding="UTF-8"?>
<!-- Generated by org.testng.reporters.JUnitReportReporter -->
<testsuite hostname="DESKTOP-3M30ENU" failures="0" tests="2" name="Demo.Groupdepenent" time="13.964" errors="0" timestamp="2022-10-27T14:37:44 IST" skipped="0">
  <testcase classname="Demo.Groupdepenent" name="login" time="0.964"/>
  <system-out/>
  <testcase classname="Demo.Groupdepenent" name="aastarting_point" time="13.000"/>
  <system-out/>
</testsuite> <!-- Demo.Groupdepenent -->
