<?xml version="1.0" encoding="UTF-8"?>
<!-- Generated by org.testng.reporters.JUnitReportReporter -->
<testsuite hostname="DESKTOP-3M30ENU" failures="0" tests="2" name="Demo.ParallelExecution" time="10.576" errors="0" timestamp="2022-10-28T14:09:47 IST" skipped="0">
  <testcase classname="Demo.ParallelExecution" name="Edge" time="5.765"/>
  <system-out/>
  <testcase classname="Demo.ParallelExecution" name="ChromeTest" time="4.811"/>
  <system-out/>
</testsuite> <!-- Demo.ParallelExecution -->
