<?xml version="1.0" encoding="UTF-8"?>
<!-- Generated by org.testng.reporters.JUnitReportReporter -->
<testsuite hostname="DESKTOP-3M30ENU" failures="0" tests="1" name="TestNGScripts.SuperClass" time="5.055" errors="0" timestamp="2022-10-18T13:33:52 IST" skipped="0">
  <testcase classname="TestNGScripts.SuperClass" name="OpenBrowser" time="5.055"/>
  <system-out/>
</testsuite> <!-- TestNGScripts.SuperClass -->
