<?xml version="1.0" encoding="UTF-8"?>
<!-- Generated by org.testng.reporters.JUnitReportReporter -->
<testsuite hostname="DESKTOP-3M30ENU" failures="0" tests="3" name="TestNGScripts.MultipleDependent" time="18.716" errors="0" timestamp="2022-10-18T12:40:06 IST" skipped="0">
  <testcase classname="TestNGScripts.MultipleDependent" name="LogOut" time="6.145"/>
  <system-out/>
  <testcase classname="TestNGScripts.MultipleDependent" name="OpenBrowser" time="8.478"/>
  <system-out/>
  <testcase classname="TestNGScripts.MultipleDependent" name="SignIn" time="4.093"/>
  <system-out/>
</testsuite> <!-- TestNGScripts.MultipleDependent -->
