<?xml version="1.0" encoding="UTF-8"?>
<!-- Generated by org.testng.reporters.JUnitReportReporter -->
<testsuite hostname="DESKTOP-3M30ENU" failures="0" tests="4" name="TestNGScripts.SoftAssertion" time="11.777" errors="0" timestamp="2022-10-19T17:24:55 IST" skipped="0">
  <testcase classname="TestNGScripts.SoftAssertion" name="OpenBrowser" time="7.802"/>
  <system-out/>
  <testcase classname="TestNGScripts.SoftAssertion" name="login" time="3.787"/>
  <system-out/>
  <testcase classname="TestNGScripts.SoftAssertion" name="Compare" time="0.019"/>
  <system-out/>
  <testcase classname="TestNGScripts.SoftAssertion" name="CloseBrowser" time="0.169"/>
  <system-out/>
</testsuite> <!-- TestNGScripts.SoftAssertion -->
