<?xml version="1.0" encoding="UTF-8"?>
<!-- Generated by org.testng.reporters.JUnitReportReporter -->
<testsuite hostname="DESKTOP-3M30ENU" failures="0" tests="1" name="TestPackage.Geeks" time="1.263" errors="0" timestamp="2022-11-03T12:27:02 IST" skipped="0">
  <testcase classname="TestPackage.Geeks" name="geekforgeeks" time="1.263"/>
  <system-out/>
</testsuite> <!-- TestPackage.Geeks -->
