<?xml version="1.0" encoding="UTF-8"?>
<!-- Generated by org.testng.reporters.JUnitReportReporter -->
<testsuite hostname="DESKTOP-3M30ENU" failures="0" tests="1" name="TestNGScripts.Annotation" time="0.009" errors="0" timestamp="2022-10-27T12:32:56 IST" skipped="0">
  <testcase classname="TestNGScripts.Annotation" name="testCase1" time="0.009"/>
  <system-out/>
</testsuite> <!-- TestNGScripts.Annotation -->
