<?xml version="1.0" encoding="UTF-8"?>
<!-- Generated by org.testng.reporters.JUnitReportReporter -->
<testsuite hostname="DESKTOP-3M30ENU" failures="0" tests="2" name="TestNGScripts.ParallelExecution" time="16.448" errors="0" timestamp="2022-10-21T11:39:26 IST" skipped="0">
  <testcase classname="TestNGScripts.ParallelExecution" name="ChromeTest" time="10.181"/>
  <system-out/>
  <testcase classname="TestNGScripts.ParallelExecution" name="Edge" time="6.267"/>
  <system-out/>
</testsuite> <!-- TestNGScripts.ParallelExecution -->
