<?xml version="1.0" encoding="UTF-8"?>
<!-- Generated by org.testng.reporters.JUnitReportReporter -->
<testsuite hostname="DESKTOP-3M30ENU" failures="0" tests="1" name="TestPackage.ExcelRead" time="0.966" errors="0" timestamp="2022-11-03T14:40:21 IST" skipped="0">
  <testcase classname="TestPackage.ExcelRead" name="geekforgeeks" time="0.966"/>
  <system-out/>
</testsuite> <!-- TestPackage.ExcelRead -->
