<?xml version="1.0" encoding="UTF-8"?>
<!-- Generated by org.testng.reporters.JUnitReportReporter -->
<testsuite hostname="DESKTOP-3M30ENU" failures="0" tests="2" name="TestNGScripts.TestOnGroups" time="13.040" errors="0" timestamp="2022-10-27T12:46:46 IST" skipped="0">
  <testcase classname="TestNGScripts.TestOnGroups" name="aastarting_point" time="8.767"/>
  <system-out/>
  <testcase classname="TestNGScripts.TestOnGroups" name="aexecute" time="4.273"/>
  <system-out/>
</testsuite> <!-- TestNGScripts.TestOnGroups -->
