<?xml version="1.0" encoding="UTF-8"?>
<!-- Generated by org.testng.reporters.JUnitReportReporter -->
<testsuite hostname="DESKTOP-3M30ENU" failures="0" tests="4" name="TestNGScripts.NewTest" time="23.319" errors="0" timestamp="2022-10-18T12:21:30 IST" skipped="0">
  <testcase classname="TestNGScripts.NewTest" name="aexecute" time="4.029"/>
  <system-out/>
  <testcase classname="TestNGScripts.NewTest" name="checkTitle" time="0.013"/>
  <system-out/>
  <testcase classname="TestNGScripts.NewTest" name="aastarting_point" time="8.866"/>
  <system-out/>
  <testcase classname="TestNGScripts.NewTest" name="click_element" time="10.411"/>
  <system-out/>
</testsuite> <!-- TestNGScripts.NewTest -->
