<?xml version="1.0" encoding="UTF-8"?>
<!-- Generated by org.testng.reporters.JUnitReportReporter -->
<testsuite hostname="DESKTOP-3M30ENU" failures="0" tests="2" name="TestNGScripts.DataProviderTest" time="25.955" errors="0" timestamp="2022-11-02T13:04:53 IST" skipped="0">
  <testcase classname="TestNGScripts.DataProviderTest" name="test" time="12.142"/>
  <system-out/>
  <testcase classname="TestNGScripts.DataProviderTest" name="test" time="13.813"/>
  <system-out/>
</testsuite> <!-- TestNGScripts.DataProviderTest -->
