<?xml version="1.0" encoding="UTF-8"?>
<!-- Generated by org.testng.reporters.JUnitReportReporter -->
<testsuite hostname="DESKTOP-3M30ENU" failures="0" tests="1" name="TestNGScripts.ParametersAdd" time="0.013" errors="0" timestamp="2022-10-18T15:53:53 IST" skipped="0">
  <testcase classname="TestNGScripts.ParametersAdd" name="Sum" time="0.013"/>
  <system-out/>
</testsuite> <!-- TestNGScripts.ParametersAdd -->
