<?xml version="1.0" encoding="UTF-8"?>
<!-- Generated by org.testng.reporters.JUnitReportReporter -->
<testsuite hostname="DESKTOP-3M30ENU" failures="0" tests="3" name="Demo.ParamaterAtSuiteLel" time="0.015" errors="0" timestamp="2022-10-27T14:40:00 IST" skipped="0">
  <testcase classname="Demo.ParamaterAtSuiteLel" name="Sum" time="0.002"/>
  <system-out/>
  <testcase classname="Demo.ParamaterAtSuiteLel" name="Diff" time="0.009"/>
  <system-out/>
  <testcase classname="Demo.ParamaterAtSuiteLel" name="mul" time="0.004"/>
  <system-out/>
</testsuite> <!-- Demo.ParamaterAtSuiteLel -->
