<?xml version="1.0" encoding="UTF-8"?>
<!-- Generated by org.testng.reporters.JUnitReportReporter -->
<testsuite hostname="DESKTOP-3M30ENU" failures="0" tests="2" name="TestNGScripts.CrossBrowser" time="13.211" errors="0" timestamp="2022-10-28T13:09:36 IST" skipped="0">
  <testcase classname="TestNGScripts.CrossBrowser" name="testParameterWithXML" time="6.856"/>
  <system-out/>
  <testcase classname="TestNGScripts.CrossBrowser" name="testParameterWithXML" time="6.355"/>
  <system-out/>
</testsuite> <!-- TestNGScripts.CrossBrowser -->
