<?xml version="1.0" encoding="UTF-8"?>
<!-- Generated by org.testng.reporters.JUnitReportReporter -->
<testsuite hostname="DESKTOP-3M30ENU" failures="0" tests="2" name="TestNGScripts.Assertion" time="5.569" errors="0" timestamp="2022-10-28T12:54:07 IST" skipped="0">
  <testcase classname="TestNGScripts.Assertion" name="OpenBrowser" time="5.392"/>
  <system-out>
    <![CDATA[This test verifies the current selenium compatibility with TestNG by launching the chrome driver
Launching Google Chrome Driver version 81 for this test
The website used was vita for this test]]>
  </system-out>
  <testcase classname="TestNGScripts.Assertion" name="CloseBrowser" time="0.177"/>
  <system-out>
    <![CDATA[Driver Closed After Testing]]>
  </system-out>
</testsuite> <!-- TestNGScripts.Assertion -->
